Start testing: Oct 30 03:00 RTZ 2 (çèìà)
----------------------------------------------------------
1/3 Testing: test-1
1/3 Test: test-1
Command: "C:/Program Files/JetBrains/CLion 2023.2.2/bin/cmake/win/x64/bin/cmake.exe" "-DTEST_DIR=C:/CProjects/assignment-image-rotation1/tester/tests/1" "-DIMAGE_TRANSFORMER=C:/CProjects/assignment-image-rotation1/out/build/debug/solution/image-transformer.exe" "-DIMAGE_MATCHER=C:/CProjects/assignment-image-rotation1/out/build/debug/tester/image-matcher.exe" "-P" "C:/CProjects/assignment-image-rotation1/tester/tester.cmake"
Directory: C:/CProjects/assignment-image-rotation/solution/out/build/debug/tester
"test-1" start time: Oct 30 03:00 RTZ 2 (çèìà)
Output:
----------------------------------------------------------
<end of output>
Test time =   0.27 sec
----------------------------------------------------------
Test Passed.
"test-1" end time: Oct 30 03:00 RTZ 2 (çèìà)
"test-1" time elapsed: 00:00:00
----------------------------------------------------------

2/3 Testing: test-2
2/3 Test: test-2
Command: "C:/Program Files/JetBrains/CLion 2023.2.2/bin/cmake/win/x64/bin/cmake.exe" "-DTEST_DIR=C:/CProjects/assignment-image-rotation1/tester/tests/2" "-DIMAGE_TRANSFORMER=C:/CProjects/assignment-image-rotation1/out/build/debug/solution/image-transformer.exe" "-DIMAGE_MATCHER=C:/CProjects/assignment-image-rotation1/out/build/debug/tester/image-matcher.exe" "-P" "C:/CProjects/assignment-image-rotation1/tester/tester.cmake"
Directory: C:/CProjects/assignment-image-rotation/solution/out/build/debug/tester
"test-2" start time: Oct 30 03:00 RTZ 2 (çèìà)
Output:
----------------------------------------------------------
<end of output>
Test time =   0.29 sec
----------------------------------------------------------
Test Passed.
"test-2" end time: Oct 30 03:00 RTZ 2 (çèìà)
"test-2" time elapsed: 00:00:00
----------------------------------------------------------

3/3 Testing: test-3
3/3 Test: test-3
Command: "C:/Program Files/JetBrains/CLion 2023.2.2/bin/cmake/win/x64/bin/cmake.exe" "-DTEST_DIR=C:/CProjects/assignment-image-rotation1/tester/tests/3" "-DIMAGE_TRANSFORMER=C:/CProjects/assignment-image-rotation1/out/build/debug/solution/image-transformer.exe" "-DIMAGE_MATCHER=C:/CProjects/assignment-image-rotation1/out/build/debug/tester/image-matcher.exe" "-P" "C:/CProjects/assignment-image-rotation1/tester/tester.cmake"
Directory: C:/CProjects/assignment-image-rotation/solution/out/build/debug/tester
"test-3" start time: Oct 30 03:00 RTZ 2 (çèìà)
Output:
----------------------------------------------------------
<end of output>
Test time =   0.07 sec
----------------------------------------------------------
Test Passed.
"test-3" end time: Oct 30 03:00 RTZ 2 (çèìà)
"test-3" time elapsed: 00:00:00
----------------------------------------------------------

End testing: Oct 30 03:00 RTZ 2 (çèìà)
